<?xml version="1.0" encoding="utf-8"?><testsuites name="pytest tests"><testsuite name="pytest" errors="0" failures="0" skipped="0" tests="35" time="12.932" timestamp="2026-08-13T09:37:06.962736+02:00" hostname="21-009306"><testcase classname="tests.test_api" name="test_health_is_public_but_v1_requires_auth" time="0.067" /><testcase classname="tests.test_api" name="test_capabilities" time="0.049" /><testcase classname="tests.test_api" name="test_duckdb_ingest_schema_query_cache_and_download" time="1.444" /><testcase classname="tests.test_api" name="test_sqlite_and_csv_sources" time="2.678" /><testcase classname="tests.test_api" name="test_volatile_query_bypasses_cache" time="1.988" /><testcase classname="tests.test_api" name="test_rejects_unsafe_query_and_bad_parameter" time="0.768" /><testcase classname="tests.test_api" name="test_rejects_corrupt_hash_size_and_reference_conflict" time="1.195" /><testcase classname="tests.test_api" name="test_cache_status_contains_no_data_values" time="0.056" /><testcase classname="tests.test_api" name="test_sqlite_typed_parameters" time="1.246" /><testcase classname="tests.test_api" name="test_result_row_limit_returns_413" time="1.345" /><testcase classname="tests.test_api" name="test_query_timeout_returns_504" time="1.763" /><testcase classname="tests.test_cache" name="test_source_id_is_scoped_and_stable" time="0.006" /><testcase classname="tests.test_cache" name="test_expired_source_is_evicted" time="0.035" /><testcase classname="tests.test_cache" name="test_incomplete_atomic_entry_is_cleaned" time="0.017" /><testcase classname="tests.test_cache" name="test_source_cache_evicts_least_recently_used" time="0.099" /><testcase classname="tests.test_config" name="test_prepare_defaults_multipart_spool_to_cache_volume" time="0.012" /><testcase classname="tests.test_policy" name="test_accepts_select_with_named_parameters" time="0.002" /><testcase classname="tests.test_policy" name="test_rejects_unsafe_sql[DELETE FROM data]" time="0.001" /><testcase classname="tests.test_policy" name="test_rejects_unsafe_sql[UPDATE data SET area = 1]" time="0.001" /><testcase classname="tests.test_policy" name="test_rejects_unsafe_sql[ATTACH 'secret.duckdb' AS secret]" time="0.001" /><testcase classname="tests.test_policy" name="test_rejects_unsafe_sql[COPY data TO 'result.csv']" time="0.001" /><testcase classname="tests.test_policy" name="test_rejects_unsafe_sql[PRAGMA version]" time="0.001" /><testcase classname="tests.test_policy" name="test_rejects_unsafe_sql[INSTALL httpfs]" time="0.001" /><testcase classname="tests.test_policy" name="test_rejects_unsafe_sql[LOAD httpfs]" time="0.001" /><testcase classname="tests.test_policy" name="test_rejects_unsafe_sql[SELECT * FROM read_csv('/etc/passwd')]" time="0.001" /><testcase classname="tests.test_policy" name="test_rejects_unsafe_sql[SELECT * FROM '/etc/passwd.csv']" time="0.001" /><testcase classname="tests.test_policy" name="test_rejects_unsafe_sql[SELECT load_extension('/tmp/evil')]" time="0.001" /><testcase classname="tests.test_policy" name="test_rejects_unsafe_sql[SELECT getenv('DQW_API_TOKEN')]" time="0.001" /><testcase classname="tests.test_policy" name="test_rejects_unsafe_sql[SELECT * FROM sqlite_scan('x.sqlite', 'data')]" time="0.001" /><testcase classname="tests.test_policy" name="test_rejects_unsafe_sql[SELECT 1; SELECT 2]" time="0.001" /><testcase classname="tests.test_policy" name="test_marks_volatile_queries_non_deterministic[SELECT random()]" time="0.001" /><testcase classname="tests.test_policy" name="test_marks_volatile_queries_non_deterministic[SELECT current_timestamp]" time="0.001" /><testcase classname="tests.test_policy" name="test_marks_volatile_queries_non_deterministic[SELECT now()]" time="0.001" /><testcase classname="tests.test_policy" name="test_marks_volatile_queries_non_deterministic[SELECT uuid()]" time="0.001" /><testcase classname="tests.test_policy" name="test_rejects_missing_and_unused_parameters" time="0.001" /></testsuite></testsuites>